<?xml version="1.0" encoding="UTF-8"?>
<testng-results skipped="0" failed="0" ignored="0" total="1" passed="1">
  <reporter-output>
  </reporter-output>
  <suite name="Default suite" duration-ms="23341" started-at="2019-10-29T10:48:08Z" finished-at="2019-10-29T10:48:31Z">
    <groups>
    </groups>
    <test name="Default test" duration-ms="23341" started-at="2019-10-29T10:48:08Z" finished-at="2019-10-29T10:48:31Z">
      <class name="TestCases.IteminquiryTC">
        <test-method status="PASS" signature="Startdriver(java.lang.String)[pri:0, instance:TestCases.IteminquiryTC@57baeedf]" name="Startdriver" is-config="true" duration-ms="32465" started-at="2019-10-29T10:47:35Z" finished-at="2019-10-29T10:48:08Z">
          <params>
            <param index="0">
              <value>
                <![CDATA[chrome]]>
              </value>
            </param>
          </params>
          <reporter-output>
          </reporter-output>
        </test-method> <!-- Startdriver -->
        <test-method status="PASS" signature="searconitemandprint()[pri:0, instance:TestCases.IteminquiryTC@57baeedf]" name="searconitemandprint" duration-ms="22924" started-at="2019-10-29T10:48:08Z" finished-at="2019-10-29T10:48:31Z">
          <reporter-output>
          </reporter-output>
        </test-method> <!-- searconitemandprint -->
        <test-method status="PASS" signature="ScreenshOnFailure(org.testng.ITestResult)[pri:0, instance:TestCases.IteminquiryTC@57baeedf]" name="ScreenshOnFailure" is-config="true" duration-ms="405" started-at="2019-10-29T10:48:31Z" finished-at="2019-10-29T10:48:31Z">
          <params>
            <param index="0">
              <value>
                <![CDATA[[TestResult name=searconitemandprint status=SUCCESS method=IteminquiryTC.searconitemandprint()[pri:0, instance:TestCases.IteminquiryTC@57baeedf] output={null}]]]>
              </value>
            </param>
          </params>
          <reporter-output>
          </reporter-output>
        </test-method> <!-- ScreenshOnFailure -->
      </class> <!-- TestCases.IteminquiryTC -->
    </test> <!-- Default test -->
  </suite> <!-- Default suite -->
</testng-results>
