<?xml version="1.0" encoding="UTF-8"?>
<testng-results skipped="0" failed="0" ignored="0" total="1" passed="1">
  <reporter-output>
  </reporter-output>
  <suite name="Default suite" duration-ms="54555" started-at="2019-11-04T09:47:05Z" finished-at="2019-11-04T09:47:59Z">
    <groups>
    </groups>
    <test name="Default test" duration-ms="54555" started-at="2019-11-04T09:47:05Z" finished-at="2019-11-04T09:47:59Z">
      <class name="TestCases.AddsubuserTCwithLoadProperiies">
        <test-method status="PASS" signature="Startdriver(java.lang.String)[pri:0, instance:TestCases.AddsubuserTCwithLoadProperiies@57a48985]" name="Startdriver" is-config="true" duration-ms="19333" started-at="2019-11-04T09:46:45Z" finished-at="2019-11-04T09:47:05Z">
          <params>
            <param index="0">
              <value>
                <![CDATA[chrome]]>
              </value>
            </param>
          </params>
          <reporter-output>
          </reporter-output>
        </test-method> <!-- Startdriver -->
        <test-method status="PASS" signature="addsubuser()[pri:0, instance:TestCases.AddsubuserTCwithLoadProperiies@57a48985]" name="addsubuser" duration-ms="54526" started-at="2019-11-04T09:47:05Z" finished-at="2019-11-04T09:47:59Z">
          <reporter-output>
          </reporter-output>
        </test-method> <!-- addsubuser -->
        <test-method status="PASS" signature="ScreenshOnFailure(org.testng.ITestResult)[pri:0, instance:TestCases.AddsubuserTCwithLoadProperiies@57a48985]" name="ScreenshOnFailure" is-config="true" duration-ms="0" started-at="2019-11-04T09:47:59Z" finished-at="2019-11-04T09:47:59Z">
          <params>
            <param index="0">
              <value>
                <![CDATA[[TestResult name=addsubuser status=SUCCESS method=AddsubuserTCwithLoadProperiies.addsubuser()[pri:0, instance:TestCases.AddsubuserTCwithLoadProperiies@57a48985] output={null}]]]>
              </value>
            </param>
          </params>
          <reporter-output>
          </reporter-output>
        </test-method> <!-- ScreenshOnFailure -->
      </class> <!-- TestCases.AddsubuserTCwithLoadProperiies -->
    </test> <!-- Default test -->
  </suite> <!-- Default suite -->
</testng-results>
